# JRE version: OpenJDK Runtime Environment (17.0.1+12) (build 17.0.1+12-nixos)
# Java VM: OpenJDK 64-Bit Server VM (17.0.1+12-nixos, mixed mode, sharing, tiered, compressed oops, compressed class ptrs, g1 gc, linux-amd64)
GC Precious Log:
 CPUs: 4 total, 4 available
 Memory: 15880M
 Large Page Support: Disabled
 NUMA Support: Disabled
 Compressed Oops: Enabled (Zero based)
 Heap Region Size: 2M
 Heap Min Capacity: 8M
 Heap Initial Capacity: 250M
 Heap Max Capacity: 3972M
 Pre-touch: Disabled
 Parallel Workers: 4
 Concurrent Workers: 1
 Concurrent Refinement Workers: 4
 Periodic GC: Disabled
Heap:
 garbage-first heap   total 729088K, used 309834K [0x0000000707c00000, 0x0000000800000000)
  region size 2048K, 121 young (247808K), 13 survivors (26624K)
 Metaspace       used 6931K, committed 7104K, reserved 1056768K
  class space    used 594K, committed 704K, reserved 1048576K
GC Heap History (20 events):
Event: 1.092 GC heap after
{Heap after GC invocations=1 (full 0):
 garbage-first heap   total 260096K, used 6916K [0x0000000707c00000, 0x0000000800000000)
  region size 2048K, 1 young (2048K), 1 survivors (2048K)
 Metaspace       used 3087K, committed 3264K, reserved 1056768K
  class space    used 226K, committed 320K, reserved 1048576K
}
Event: 2.085 GC heap before
{Heap before GC invocations=1 (full 0):
 garbage-first heap   total 260096K, used 19204K [0x0000000707c00000, 0x0000000800000000)
  region size 2048K, 7 young (14336K), 1 survivors (2048K)
 Metaspace       used 5790K, committed 5952K, reserved 1056768K
  class space    used 529K, committed 640K, reserved 1048576K
}
Event: 2.113 GC heap after
{Heap after GC invocations=2 (full 0):
 garbage-first heap   total 260096K, used 12154K [0x0000000707c00000, 0x0000000800000000)
  region size 2048K, 1 young (2048K), 1 survivors (2048K)
 Metaspace       used 5790K, committed 5952K, reserved 1056768K
  class space    used 529K, committed 640K, reserved 1048576K
}
Event: 2.609 GC heap before
{Heap before GC invocations=2 (full 0):
 garbage-first heap   total 260096K, used 38778K [0x0000000707c00000, 0x0000000800000000)
  region size 2048K, 14 young (28672K), 1 survivors (2048K)
 Metaspace       used 5873K, committed 6016K, reserved 1056768K
  class space    used 531K, committed 640K, reserved 1048576K
}
Event: 2.635 GC heap after
{Heap after GC invocations=3 (full 0):
 garbage-first heap   total 260096K, used 18052K [0x0000000707c00000, 0x0000000800000000)
  region size 2048K, 2 young (4096K), 2 survivors (4096K)
 Metaspace       used 5873K, committed 6016K, reserved 1056768K
  class space    used 531K, committed 640K, reserved 1048576K
}
Event: 3.451 GC heap before
{Heap before GC invocations=3 (full 0):
 garbage-first heap   total 260096K, used 52868K [0x0000000707c00000, 0x0000000800000000)
  region size 2048K, 20 young (40960K), 2 survivors (4096K)
 Metaspace       used 6368K, committed 6528K, reserved 1056768K
  class space    used 573K, committed 640K, reserved 1048576K
}
Event: 3.514 GC heap after
{Heap after GC invocations=4 (full 0):
 garbage-first heap   total 260096K, used 25309K [0x0000000707c00000, 0x0000000800000000)
  region size 2048K, 3 young (6144K), 3 survivors (6144K)
 Metaspace       used 6368K, committed 6528K, reserved 1056768K
  class space    used 573K, committed 640K, reserved 1048576K
}
Event: 3.729 GC heap before
{Heap before GC invocations=4 (full 0):
 garbage-first heap   total 260096K, used 66269K [0x0000000707c00000, 0x0000000800000000)
  region size 2048K, 24 young (49152K), 3 survivors (6144K)
 Metaspace       used 6399K, committed 6528K, reserved 1056768K
  class space    used 575K, committed 640K, reserved 1048576K
}
Event: 3.768 GC heap after
{Heap after GC invocations=5 (full 0):
 garbage-first heap   total 364544K, used 27765K [0x0000000707c00000, 0x0000000800000000)
  region size 2048K, 2 young (4096K), 2 survivors (4096K)
 Metaspace       used 6399K, committed 6528K, reserved 1056768K
  class space    used 575K, committed 640K, reserved 1048576K
}
Event: 4.313 GC heap before
{Heap before GC invocations=5 (full 0):
 garbage-first heap   total 364544K, used 169077K [0x0000000707c00000, 0x0000000800000000)
  region size 2048K, 73 young (149504K), 2 survivors (4096K)
 Metaspace       used 6495K, committed 6656K, reserved 1056768K
  class space    used 575K, committed 640K, reserved 1048576K
}
Event: 4.365 GC heap after
{Heap after GC invocations=6 (full 0):
 garbage-first heap   total 364544K, used 34435K [0x0000000707c00000, 0x0000000800000000)
  region size 2048K, 5 young (10240K), 5 survivors (10240K)
 Metaspace       used 6495K, committed 6656K, reserved 1056768K
  class space    used 575K, committed 640K, reserved 1048576K
}
Event: 4.808 GC heap before
{Heap before GC invocations=6 (full 0):
 garbage-first heap   total 364544K, used 239235K [0x0000000707c00000, 0x0000000800000000)
  region size 2048K, 107 young (219136K), 5 survivors (10240K)
 Metaspace       used 6523K, committed 6656K, reserved 1056768K
  class space    used 575K, committed 640K, reserved 1048576K
}
Event: 4.864 GC heap after
{Heap after GC invocations=7 (full 0):
 garbage-first heap   total 364544K, used 43296K [0x0000000707c00000, 0x0000000800000000)
  region size 2048K, 9 young (18432K), 9 survivors (18432K)
 Metaspace       used 6523K, committed 6656K, reserved 1056768K
  class space    used 575K, committed 640K, reserved 1048576K
}
Event: 5.360 GC heap before
{Heap before GC invocations=7 (full 0):
 garbage-first heap   total 364544K, used 241952K [0x0000000707c00000, 0x0000000800000000)
  region size 2048K, 108 young (221184K), 9 survivors (18432K)
 Metaspace       used 6524K, committed 6656K, reserved 1056768K
  class space    used 575K, committed 640K, reserved 1048576K
}
Event: 5.438 GC heap after
{Heap after GC invocations=8 (full 0):
 garbage-first heap   total 364544K, used 58061K [0x0000000707c00000, 0x0000000800000000)
  region size 2048K, 12 young (24576K), 12 survivors (24576K)
 Metaspace       used 6524K, committed 6656K, reserved 1056768K
  class space    used 575K, committed 640K, reserved 1048576K
}
Event: 5.878 GC heap before
{Heap before GC invocations=8 (full 0):
 garbage-first heap   total 364544K, used 248525K [0x0000000707c00000, 0x0000000800000000)
  region size 2048K, 107 young (219136K), 12 survivors (24576K)
 Metaspace       used 6594K, committed 6720K, reserved 1056768K
  class space    used 579K, committed 640K, reserved 1048576K
}
Event: 5.961 GC heap after
{Heap after GC invocations=9 (full 0):
 garbage-first heap   total 729088K, used 72967K [0x0000000707c00000, 0x0000000800000000)
  region size 2048K, 8 young (16384K), 8 survivors (16384K)
 Metaspace       used 6594K, committed 6720K, reserved 1056768K
  class space    used 579K, committed 640K, reserved 1048576K
}
Event: 7.787 GC heap before
{Heap before GC invocations=9 (full 0):
 garbage-first heap   total 729088K, used 320775K [0x0000000707c00000, 0x0000000800000000)
  region size 2048K, 130 young (266240K), 8 survivors (16384K)
 Metaspace       used 6865K, committed 7040K, reserved 1056768K
  class space    used 594K, committed 704K, reserved 1048576K
}
Event: 7.878 GC heap after
{Heap after GC invocations=10 (full 0):
 garbage-first heap   total 729088K, used 87028K [0x0000000707c00000, 0x0000000800000000)
  region size 2048K, 15 young (30720K), 15 survivors (30720K)
 Metaspace       used 6865K, committed 7040K, reserved 1056768K
  class space    used 594K, committed 704K, reserved 1048576K
}
Event: 8.962 GC heap before
{Heap before GC invocations=10 (full 0):
 garbage-first heap   total 729088K, used 306164K [0x0000000707c00000, 0x0000000800000000)
  region size 2048K, 123 young (251904K), 15 survivors (30720K)
 Metaspace       used 6931K, committed 7104K, reserved 1056768K
  class space    used 594K, committed 704K, reserved 1048576K
}

